00:00:10.401 CUSTOM_PATTERN [main] INFO  org.hibernate.Version - HHH000412: Hibernate Core {5.4.2.Final}
00:00:10.661 CUSTOM_PATTERN [main] INFO  o.h.annotations.common.Version - HCANN000001: Hibernate Commons Annotations {5.1.0.Final}
00:00:11.261 CUSTOM_PATTERN [main] INFO  org.hibernate.dialect.Dialect - HHH000400: Using dialect: org.hibernate.dialect.MySQLDialect
00:00:12.594 CUSTOM_PATTERN [main] INFO  o.h.e.t.j.p.i.JtaPlatformInitiator - HHH000490: Using JtaPlatform implementation: [org.hibernate.engine.transaction.jta.platform.internal.NoJtaPlatform]
00:00:12.924 CUSTOM_PATTERN [main] INFO  c.application.repository.IUserRepo - getting all users from DB
00:01:10.751 CUSTOM_PATTERN [main] INFO  org.hibernate.Version - HHH000412: Hibernate Core {5.4.2.Final}
00:01:11.128 CUSTOM_PATTERN [main] INFO  o.h.annotations.common.Version - HCANN000001: Hibernate Commons Annotations {5.1.0.Final}
00:01:11.675 CUSTOM_PATTERN [main] INFO  org.hibernate.dialect.Dialect - HHH000400: Using dialect: org.hibernate.dialect.MySQLDialect
00:01:12.774 CUSTOM_PATTERN [main] INFO  o.h.e.t.j.p.i.JtaPlatformInitiator - HHH000490: Using JtaPlatform implementation: [org.hibernate.engine.transaction.jta.platform.internal.NoJtaPlatform]
00:01:13.200 CUSTOM_PATTERN [main] INFO  c.application.repository.IUserRepo - getting all users from DB
00:01:36.846 CUSTOM_PATTERN [main] INFO  org.hibernate.Version - HHH000412: Hibernate Core {5.4.2.Final}
00:01:37.138 CUSTOM_PATTERN [main] INFO  o.h.annotations.common.Version - HCANN000001: Hibernate Commons Annotations {5.1.0.Final}
00:01:37.797 CUSTOM_PATTERN [main] INFO  org.hibernate.dialect.Dialect - HHH000400: Using dialect: org.hibernate.dialect.MySQLDialect
00:01:39.442 CUSTOM_PATTERN [main] INFO  o.h.e.t.j.p.i.JtaPlatformInitiator - HHH000490: Using JtaPlatform implementation: [org.hibernate.engine.transaction.jta.platform.internal.NoJtaPlatform]
00:01:39.838 CUSTOM_PATTERN [main] INFO  c.application.repository.IUserRepo - getting all users from DB
00:02:24.909 CUSTOM_PATTERN [main] INFO  org.hibernate.Version - HHH000412: Hibernate Core {5.4.2.Final}
00:02:25.146 CUSTOM_PATTERN [main] INFO  o.h.annotations.common.Version - HCANN000001: Hibernate Commons Annotations {5.1.0.Final}
00:02:25.856 CUSTOM_PATTERN [main] INFO  org.hibernate.dialect.Dialect - HHH000400: Using dialect: org.hibernate.dialect.MySQLDialect
00:02:27.004 CUSTOM_PATTERN [main] INFO  o.h.e.t.j.p.i.JtaPlatformInitiator - HHH000490: Using JtaPlatform implementation: [org.hibernate.engine.transaction.jta.platform.internal.NoJtaPlatform]
00:02:27.504 CUSTOM_PATTERN [main] INFO  c.application.repository.IUserRepo - getting all users from DB
